<?xml version="1.0" encoding="UTF-8"?>
<coverage generated="1560458359985" clover="3.2.0">
  <project timestamp="1560458359985" name="All files">
    <metrics statements="35" coveredstatements="18" conditionals="6" coveredconditionals="0" methods="9" coveredmethods="1" elements="50" coveredelements="19" complexity="0" loc="35" ncloc="35" packages="2" files="3" classes="3"/>
    <package name="api.auth">
      <metrics statements="18" coveredstatements="9" conditionals="2" coveredconditionals="0" methods="4" coveredmethods="1"/>
      <file name="auth.service.js" path="/home/sansajn/Documents/sansajn/boilerplate/node-express-mongo/src/api/auth/auth.service.js">
        <metrics statements="18" coveredstatements="9" conditionals="2" coveredconditionals="0" methods="4" coveredmethods="1"/>
        <line num="1" count="1" type="stmt"/>
        <line num="2" count="1" type="stmt"/>
        <line num="3" count="1" type="stmt"/>
        <line num="5" count="1" type="stmt"/>
        <line num="7" count="1" type="stmt"/>
        <line num="8" count="1" type="stmt"/>
        <line num="14" count="1" type="stmt"/>
        <line num="18" count="1" type="stmt"/>
        <line num="19" count="0" type="stmt"/>
        <line num="21" count="0" type="cond" truecount="0" falsecount="2"/>
        <line num="22" count="0" type="stmt"/>
        <line num="25" count="0" type="stmt"/>
        <line num="26" count="0" type="stmt"/>
        <line num="28" count="0" type="stmt"/>
        <line num="30" count="0" type="stmt"/>
        <line num="35" count="0" type="stmt"/>
        <line num="40" count="0" type="stmt"/>
        <line num="44" count="1" type="stmt"/>
      </file>
    </package>
    <package name="database.models">
      <metrics statements="17" coveredstatements="9" conditionals="4" coveredconditionals="0" methods="5" coveredmethods="0"/>
      <file name="index.js" path="/home/sansajn/Documents/sansajn/boilerplate/node-express-mongo/src/database/models/index.js">
        <metrics statements="2" coveredstatements="2" conditionals="0" coveredconditionals="0" methods="0" coveredmethods="0"/>
        <line num="1" count="1" type="stmt"/>
        <line num="3" count="1" type="stmt"/>
      </file>
      <file name="user.model.js" path="/home/sansajn/Documents/sansajn/boilerplate/node-express-mongo/src/database/models/user.model.js">
        <metrics statements="15" coveredstatements="7" conditionals="4" coveredconditionals="0" methods="5" coveredmethods="0"/>
        <line num="1" count="1" type="stmt"/>
        <line num="2" count="1" type="stmt"/>
        <line num="4" count="1" type="stmt"/>
        <line num="23" count="1" type="stmt"/>
        <line num="24" count="0" type="cond" truecount="0" falsecount="2"/>
        <line num="25" count="0" type="stmt"/>
        <line num="28" count="0" type="stmt"/>
        <line num="29" count="0" type="stmt"/>
        <line num="30" count="0" type="stmt"/>
        <line num="32" count="0" type="stmt"/>
        <line num="35" count="1" type="stmt"/>
        <line num="36" count="0" type="stmt"/>
        <line num="38" count="0" type="cond" truecount="0" falsecount="2"/>
        <line num="41" count="1" type="stmt"/>
        <line num="43" count="1" type="stmt"/>
      </file>
    </package>
  </project>
</coverage>
