{"/home/sansajn/Documents/sansajn/boilerplate/node-express-mongo/src/api/auth/auth.service.js": {"path":"/home/sansajn/Documents/sansajn/boilerplate/node-express-mongo/src/api/auth/auth.service.js","statementMap":{"0":{"start":{"line":1,"column":12},"end":{"line":1,"column":35}},"1":{"start":{"line":2,"column":15},"end":{"line":2,"column":32}},"2":{"start":{"line":3,"column":17},"end":{"line":3,"column":51}},"3":{"start":{"line":5,"column":11},"end":{"line":5,"column":30}},"4":{"start":{"line":5,"column":20},"end":{"line":5,"column":30}},"5":{"start":{"line":7,"column":17},"end":{"line":15,"column":1}},"6":{"start":{"line":8,"column":15},"end":{"line":12,"column":4}},"7":{"start":{"line":14,"column":2},"end":{"line":14,"column":21}},"8":{"start":{"line":18,"column":14},"end":{"line":42,"column":2}},"9":{"start":{"line":18,"column":39},"end":{"line":42,"column":2}},"10":{"start":{"line":19,"column":13},"end":{"line":19,"column":63}},"11":{"start":{"line":21,"column":2},"end":{"line":23,"column":3}},"12":{"start":{"line":22,"column":4},"end":{"line":22,"column":73}},"13":{"start":{"line":25,"column":2},"end":{"line":41,"column":3}},"14":{"start":{"line":26,"column":4},"end":{"line":26,"column":41}},"15":{"start":{"line":28,"column":4},"end":{"line":28,"column":50}},"16":{"start":{"line":30,"column":18},"end":{"line":33,"column":6}},"17":{"start":{"line":35,"column":4},"end":{"line":38,"column":7}},"18":{"start":{"line":40,"column":4},"end":{"line":40,"column":16}},"19":{"start":{"line":44,"column":0},"end":{"line":48,"column":2}}},"fnMap":{"0":{"name":"(anonymous_0)","decl":{"start":{"line":5,"column":11},"end":{"line":5,"column":12}},"loc":{"start":{"line":5,"column":20},"end":{"line":5,"column":30}},"line":5},"1":{"name":"(anonymous_1)","decl":{"start":{"line":7,"column":17},"end":{"line":7,"column":18}},"loc":{"start":{"line":7,"column":54},"end":{"line":15,"column":1}},"line":7},"2":{"name":"(anonymous_2)","decl":{"start":{"line":18,"column":14},"end":{"line":18,"column":15}},"loc":{"start":{"line":18,"column":39},"end":{"line":42,"column":2}},"line":18},"3":{"name":"(anonymous_3)","decl":{"start":{"line":18,"column":51},"end":{"line":18,"column":52}},"loc":{"start":{"line":18,"column":78},"end":{"line":42,"column":1}},"line":18}},"branchMap":{"0":{"loc":{"start":{"line":21,"column":2},"end":{"line":23,"column":3}},"type":"if","locations":[{"start":{"line":21,"column":2},"end":{"line":23,"column":3}},{"start":{"line":21,"column":2},"end":{"line":23,"column":3}}],"line":21}},"s":{"0":1,"1":1,"2":1,"3":1,"4":0,"5":1,"6":1,"7":1,"8":1,"9":0,"10":0,"11":0,"12":0,"13":0,"14":0,"15":0,"16":0,"17":0,"18":0,"19":1},"f":{"0":0,"1":1,"2":0,"3":0},"b":{"0":[0,0]},"_coverageSchema":"43e27e138ebf9cfc5966b082cf9a028302ed4184","hash":"6917de226c4209e07bc9acbf6ab9ea3d49e6ef07"}
,"/home/sansajn/Documents/sansajn/boilerplate/node-express-mongo/src/database/models/index.js": {"path":"/home/sansajn/Documents/sansajn/boilerplate/node-express-mongo/src/database/models/index.js","statementMap":{"0":{"start":{"line":1,"column":13},"end":{"line":1,"column":36}},"1":{"start":{"line":3,"column":0},"end":{"line":5,"column":2}}},"fnMap":{},"branchMap":{},"s":{"0":1,"1":1},"f":{},"b":{},"_coverageSchema":"43e27e138ebf9cfc5966b082cf9a028302ed4184","hash":"427ee8360c448d31a6ae60f96963d606ec63481a"}
,"/home/sansajn/Documents/sansajn/boilerplate/node-express-mongo/src/database/models/user.model.js": {"path":"/home/sansajn/Documents/sansajn/boilerplate/node-express-mongo/src/database/models/user.model.js","statementMap":{"0":{"start":{"line":1,"column":17},"end":{"line":1,"column":36}},"1":{"start":{"line":2,"column":15},"end":{"line":2,"column":32}},"2":{"start":{"line":4,"column":19},"end":{"line":19,"column":24}},"3":{"start":{"line":23,"column":0},"end":{"line":33,"column":3}},"4":{"start":{"line":24,"column":2},"end":{"line":26,"column":3}},"5":{"start":{"line":25,"column":4},"end":{"line":25,"column":18}},"6":{"start":{"line":28,"column":2},"end":{"line":32,"column":29}},"7":{"start":{"line":29,"column":4},"end":{"line":29,"column":25}},"8":{"start":{"line":30,"column":4},"end":{"line":30,"column":11}},"9":{"start":{"line":32,"column":18},"end":{"line":32,"column":27}},"10":{"start":{"line":35,"column":0},"end":{"line":39,"column":2}},"11":{"start":{"line":36,"column":2},"end":{"line":38,"column":80}},"12":{"start":{"line":38,"column":25},"end":{"line":38,"column":77}},"13":{"start":{"line":41,"column":13},"end":{"line":41,"column":47}},"14":{"start":{"line":43,"column":0},"end":{"line":43,"column":22}}},"fnMap":{"0":{"name":"(anonymous_0)","decl":{"start":{"line":23,"column":23},"end":{"line":23,"column":24}},"loc":{"start":{"line":23,"column":39},"end":{"line":33,"column":1}},"line":23},"1":{"name":"(anonymous_1)","decl":{"start":{"line":28,"column":38},"end":{"line":28,"column":39}},"loc":{"start":{"line":28,"column":48},"end":{"line":31,"column":3}},"line":28},"2":{"name":"(anonymous_2)","decl":{"start":{"line":32,"column":11},"end":{"line":32,"column":12}},"loc":{"start":{"line":32,"column":18},"end":{"line":32,"column":27}},"line":32},"3":{"name":"(anonymous_3)","decl":{"start":{"line":35,"column":37},"end":{"line":35,"column":38}},"loc":{"start":{"line":35,"column":51},"end":{"line":39,"column":1}},"line":35},"4":{"name":"(anonymous_4)","decl":{"start":{"line":38,"column":6},"end":{"line":38,"column":7}},"loc":{"start":{"line":38,"column":25},"end":{"line":38,"column":77}},"line":38}},"branchMap":{"0":{"loc":{"start":{"line":24,"column":2},"end":{"line":26,"column":3}},"type":"if","locations":[{"start":{"line":24,"column":2},"end":{"line":26,"column":3}},{"start":{"line":24,"column":2},"end":{"line":26,"column":3}}],"line":24},"1":{"loc":{"start":{"line":38,"column":25},"end":{"line":38,"column":77}},"type":"cond-expr","locations":[{"start":{"line":38,"column":31},"end":{"line":38,"column":50}},{"start":{"line":38,"column":53},"end":{"line":38,"column":77}}],"line":38}},"s":{"0":1,"1":1,"2":1,"3":1,"4":0,"5":0,"6":0,"7":0,"8":0,"9":0,"10":1,"11":0,"12":0,"13":1,"14":1},"f":{"0":0,"1":0,"2":0,"3":0,"4":0},"b":{"0":[0,0],"1":[0,0]},"_coverageSchema":"43e27e138ebf9cfc5966b082cf9a028302ed4184","hash":"bd3bb916ac3ea4c904215948b5035cd13b2b4c0b"}
}
